2015.08.22 16:11 B C:\Users\Michael\Documents\USER\MB\internet\homep\radlergruppe\radtouren.htm --> bueschleb.homepage.t-online.de /radlergruppe radtouren.htm
2015.08.22 17:24 B C:\Users\Michael\Documents\USER\MB\internet\homep\radlergruppe\radtouren.htm --> bueschleb.homepage.t-online.de /radlergruppe radtouren.htm
2015.09.04 17:05 B C:\Users\Michael\Documents\USER\MB\internet\homep\radlergruppe\radtouren.htm --> bueschleb.homepage.t-online.de / radtouren.htm
2015.09.04 17:05 B C:\Users\Michael\Documents\USER\MB\internet\homep\radlergruppe\tracks.html --> bueschleb.homepage.t-online.de / tracks.html
2015.09.04 17:07 B C:\Users\Michael\Documents\USER\MB\internet\homep\radlergruppe\tracks.html --> bueschleb.homepage.t-online.de /radlergruppe tracks.html
2015.09.04 17:08 B C:\Users\Michael\Documents\USER\MB\internet\homep\radlergruppe\radtouren.htm --> bueschleb.homepage.t-online.de /radlergruppe radtouren.htm
2015.09.11 15:21 B C:\Users\Michael\Documents\USER\MB\internet\homep\radlergruppe\radtouren.htm --> bueschleb.homepage.t-online.de /radlergruppe radtouren.htm
2015.09.12 07:47 B C:\Users\Michael\Documents\USER\MB\internet\homep\radlergruppe\radtouren.htm --> bueschleb.homepage.t-online.de /radlergruppe radtouren.htm
2015.09.12 07:47 B C:\Users\Michael\Documents\USER\MB\internet\homep\radlergruppe\tracks.html --> bueschleb.homepage.t-online.de /radlergruppe tracks.html
2015.09.14 10:34 B C:\Users\Michael\Documents\USER\MB\internet\homep\radlergruppe\tracks.gif --> bueschleb.homepage.t-online.de /radlergruppe tracks.gif
2015.09.17 21:15 B C:\Users\Michael\Documents\USER\MB\internet\homep\radlergruppe\radtouren.htm --> bueschleb.homepage.t-online.de /radlergruppe radtouren.htm
2015.09.17 21:15 B C:\Users\Michael\Documents\USER\MB\internet\homep\radlergruppe\tracks.html --> bueschleb.homepage.t-online.de /radlergruppe tracks.html
2015.09.17 21:20 B C:\Users\Michael\Documents\USER\MB\internet\homep\radlergruppe\tracks.html --> bueschleb.homepage.t-online.de /radlergruppe tracks.html
2015.09.17 21:25 B C:\Users\Michael\Documents\USER\MB\internet\homep\radlergruppe\radtouren.htm --> bueschleb.homepage.t-online.de /radlergruppe radtouren.htm
2015.09.24 21:25 B C:\Users\Michael\Documents\USER\MB\internet\homep\radlergruppe\radtouren.htm --> bueschleb.homepage.t-online.de /radlergruppe radtouren.htm
2015.09.24 21:35 B C:\Users\Michael\Documents\USER\MB\internet\homep\radlergruppe\radtouren.htm --> bueschleb.homepage.t-online.de /radlergruppe radtouren.htm
2015.09.25 19:51 B C:\Users\Michael\Documents\USER\MB\internet\homep\radlergruppe\radtouren.htm --> bueschleb.homepage.t-online.de /radlergruppe radtouren.htm
2015.09.25 19:51 B C:\Users\Michael\Documents\USER\MB\internet\homep\radlergruppe\tracks.html --> bueschleb.homepage.t-online.de /radlergruppe tracks.html
2015.09.25 21:21 B C:\Users\Michael\Documents\USER\MB\internet\homep\radlergruppe\tracks.html --> bueschleb.homepage.t-online.de /radlergruppe tracks.html
2015.09.25 22:23 B C:\Users\Michael\Documents\USER\MB\internet\homep\radlergruppe\radtouren.htm --> bueschleb.homepage.t-online.de /radlergruppe radtouren.htm
2015.09.25 22:24 B C:\Users\Michael\Documents\USER\MB\internet\homep\radlergruppe\tracks.gif --> bueschleb.homepage.t-online.de /radlergruppe tracks.gif
2015.09.25 22:24 B C:\Users\Michael\Documents\USER\MB\internet\homep\radlergruppe\tracks.jpg --> bueschleb.homepage.t-online.de /radlergruppe tracks.jpg
2015.09.25 22:25 B C:\Users\Michael\Documents\USER\MB\internet\homep\radlergruppe\tracks.html --> bueschleb.homepage.t-online.de /radlergruppe tracks.html
2015.09.29 16:06 B C:\Users\Michael\Documents\USER\MB\internet\homep\radlergruppe\radtouren.htm --> bueschleb.homepage.t-online.de /radlergruppe radtouren.htm
